{"C:\\Users\\ITI GUREZ\\Desktop\\Microvereprojects\\module2\\to-do-list\\src\\modules\\html_functions.js": {"path":"C:\\Users\\ITI GUREZ\\Desktop\\Microvereprojects\\module2\\to-do-list\\src\\modules\\html_functions.js","statementMap":{"0":{"start":{"line":1,"column":14},"end":{"line":1,"column":46}},"1":{"start":{"line":2,"column":22},"end":{"line":2,"column":64}},"2":{"start":{"line":3,"column":18},"end":{"line":3,"column":58}},"3":{"start":{"line":5,"column":21},"end":{"line":11,"column":1}},"4":{"start":{"line":6,"column":2},"end":{"line":6,"column":52}},"5":{"start":{"line":7,"column":2},"end":{"line":7,"column":48}},"6":{"start":{"line":8,"column":2},"end":{"line":10,"column":11}},"7":{"start":{"line":9,"column":4},"end":{"line":9,"column":53}},"8":{"start":{"line":13,"column":25},"end":{"line":30,"column":1}},"9":{"start":{"line":14,"column":2},"end":{"line":16,"column":3}},"10":{"start":{"line":15,"column":4},"end":{"line":15,"column":49}},"11":{"start":{"line":18,"column":2},"end":{"line":18,"column":32}},"12":{"start":{"line":19,"column":2},"end":{"line":19,"column":51}},"13":{"start":{"line":20,"column":2},"end":{"line":20,"column":47}},"14":{"start":{"line":21,"column":2},"end":{"line":24,"column":11}},"15":{"start":{"line":22,"column":4},"end":{"line":22,"column":52}},"16":{"start":{"line":23,"column":4},"end":{"line":23,"column":50}},"17":{"start":{"line":26,"column":2},"end":{"line":26,"column":52}},"18":{"start":{"line":27,"column":2},"end":{"line":29,"column":9}},"19":{"start":{"line":28,"column":4},"end":{"line":28,"column":51}},"20":{"start":{"line":32,"column":20},"end":{"line":43,"column":1}},"21":{"start":{"line":33,"column":2},"end":{"line":33,"column":52}},"22":{"start":{"line":34,"column":2},"end":{"line":34,"column":48}},"23":{"start":{"line":35,"column":2},"end":{"line":35,"column":43}},"24":{"start":{"line":36,"column":2},"end":{"line":42,"column":11}},"25":{"start":{"line":37,"column":4},"end":{"line":37,"column":62}},"26":{"start":{"line":38,"column":4},"end":{"line":40,"column":7}},"27":{"start":{"line":39,"column":6},"end":{"line":39,"column":81}},"28":{"start":{"line":41,"column":4},"end":{"line":41,"column":49}},"29":{"start":{"line":45,"column":27},"end":{"line":65,"column":1}},"30":{"start":{"line":47,"column":2},"end":{"line":50,"column":3}},"31":{"start":{"line":48,"column":4},"end":{"line":48,"column":16}},"32":{"start":{"line":49,"column":4},"end":{"line":49,"column":11}},"33":{"start":{"line":52,"column":2},"end":{"line":52,"column":28}},"34":{"start":{"line":53,"column":2},"end":{"line":53,"column":59}},"35":{"start":{"line":55,"column":2},"end":{"line":55,"column":51}},"36":{"start":{"line":56,"column":2},"end":{"line":56,"column":53}},"37":{"start":{"line":57,"column":2},"end":{"line":64,"column":10}},"38":{"start":{"line":58,"column":4},"end":{"line":58,"column":24}},"39":{"start":{"line":59,"column":4},"end":{"line":59,"column":26}},"40":{"start":{"line":60,"column":4},"end":{"line":60,"column":52}},"41":{"start":{"line":61,"column":4},"end":{"line":61,"column":56}},"42":{"start":{"line":62,"column":4},"end":{"line":62,"column":58}},"43":{"start":{"line":63,"column":4},"end":{"line":63,"column":37}},"44":{"start":{"line":67,"column":29},"end":{"line":77,"column":1}},"45":{"start":{"line":68,"column":2},"end":{"line":68,"column":93}},"46":{"start":{"line":69,"column":2},"end":{"line":69,"column":53}},"47":{"start":{"line":70,"column":2},"end":{"line":75,"column":9}},"48":{"start":{"line":71,"column":4},"end":{"line":71,"column":54}},"49":{"start":{"line":72,"column":4},"end":{"line":74,"column":12}},"50":{"start":{"line":73,"column":6},"end":{"line":73,"column":24}},"51":{"start":{"line":76,"column":2},"end":{"line":76,"column":28}},"52":{"start":{"line":79,"column":27},"end":{"line":100,"column":1}},"53":{"start":{"line":81,"column":2},"end":{"line":83,"column":3}},"54":{"start":{"line":82,"column":4},"end":{"line":82,"column":11}},"55":{"start":{"line":85,"column":2},"end":{"line":90,"column":5}},"56":{"start":{"line":86,"column":4},"end":{"line":89,"column":5}},"57":{"start":{"line":87,"column":6},"end":{"line":88,"column":52}},"58":{"start":{"line":92,"column":2},"end":{"line":92,"column":29}},"59":{"start":{"line":93,"column":2},"end":{"line":93,"column":20}},"60":{"start":{"line":94,"column":2},"end":{"line":94,"column":51}},"61":{"start":{"line":95,"column":2},"end":{"line":99,"column":10}},"62":{"start":{"line":96,"column":4},"end":{"line":96,"column":24}},"63":{"start":{"line":97,"column":4},"end":{"line":97,"column":46}},"64":{"start":{"line":98,"column":4},"end":{"line":98,"column":56}},"65":{"start":{"line":102,"column":25},"end":{"line":109,"column":1}},"66":{"start":{"line":103,"column":2},"end":{"line":103,"column":55}},"67":{"start":{"line":104,"column":2},"end":{"line":108,"column":3}},"68":{"start":{"line":105,"column":4},"end":{"line":105,"column":39}},"69":{"start":{"line":107,"column":4},"end":{"line":107,"column":42}},"70":{"start":{"line":111,"column":23},"end":{"line":176,"column":1}},"71":{"start":{"line":113,"column":19},"end":{"line":113,"column":47}},"72":{"start":{"line":114,"column":2},"end":{"line":114,"column":71}},"73":{"start":{"line":115,"column":2},"end":{"line":115,"column":33}},"74":{"start":{"line":117,"column":21},"end":{"line":117,"column":50}},"75":{"start":{"line":118,"column":2},"end":{"line":118,"column":42}},"76":{"start":{"line":120,"column":19},"end":{"line":120,"column":50}},"77":{"start":{"line":121,"column":2},"end":{"line":121,"column":29}},"78":{"start":{"line":122,"column":2},"end":{"line":122,"column":36}},"79":{"start":{"line":124,"column":22},"end":{"line":124,"column":51}},"80":{"start":{"line":125,"column":2},"end":{"line":125,"column":43}},"81":{"start":{"line":127,"column":20},"end":{"line":127,"column":51}},"82":{"start":{"line":128,"column":2},"end":{"line":128,"column":26}},"83":{"start":{"line":129,"column":2},"end":{"line":129,"column":37}},"84":{"start":{"line":130,"column":2},"end":{"line":130,"column":28}},"85":{"start":{"line":131,"column":2},"end":{"line":133,"column":3}},"86":{"start":{"line":132,"column":4},"end":{"line":132,"column":39}},"87":{"start":{"line":135,"column":21},"end":{"line":135,"column":53}},"88":{"start":{"line":136,"column":2},"end":{"line":136,"column":67}},"89":{"start":{"line":137,"column":2},"end":{"line":137,"column":88}},"90":{"start":{"line":139,"column":21},"end":{"line":139,"column":53}},"91":{"start":{"line":140,"column":2},"end":{"line":140,"column":90}},"92":{"start":{"line":141,"column":2},"end":{"line":143,"column":6}},"93":{"start":{"line":145,"column":23},"end":{"line":145,"column":55}},"94":{"start":{"line":146,"column":2},"end":{"line":146,"column":92}},"95":{"start":{"line":147,"column":2},"end":{"line":149,"column":6}},"96":{"start":{"line":152,"column":2},"end":{"line":152,"column":37}},"97":{"start":{"line":153,"column":2},"end":{"line":153,"column":35}},"98":{"start":{"line":154,"column":2},"end":{"line":154,"column":38}},"99":{"start":{"line":155,"column":2},"end":{"line":155,"column":35}},"100":{"start":{"line":156,"column":2},"end":{"line":156,"column":35}},"101":{"start":{"line":159,"column":2},"end":{"line":161,"column":5}},"102":{"start":{"line":160,"column":4},"end":{"line":160,"column":98}},"103":{"start":{"line":163,"column":2},"end":{"line":165,"column":5}},"104":{"start":{"line":164,"column":4},"end":{"line":164,"column":51}},"105":{"start":{"line":167,"column":2},"end":{"line":169,"column":5}},"106":{"start":{"line":168,"column":4},"end":{"line":168,"column":98}},"107":{"start":{"line":171,"column":2},"end":{"line":173,"column":5}},"108":{"start":{"line":172,"column":4},"end":{"line":172,"column":58}},"109":{"start":{"line":175,"column":2},"end":{"line":175,"column":18}},"110":{"start":{"line":178,"column":25},"end":{"line":185,"column":1}},"111":{"start":{"line":180,"column":20},"end":{"line":180,"column":57}},"112":{"start":{"line":181,"column":13},"end":{"line":181,"column":41}},"113":{"start":{"line":182,"column":2},"end":{"line":182,"column":24}},"114":{"start":{"line":183,"column":2},"end":{"line":183,"column":28}},"115":{"start":{"line":184,"column":2},"end":{"line":184,"column":56}},"116":{"start":{"line":187,"column":34},"end":{"line":200,"column":1}},"117":{"start":{"line":188,"column":20},"end":{"line":188,"column":80}},"118":{"start":{"line":189,"column":16},"end":{"line":189,"column":21}},"119":{"start":{"line":191,"column":2},"end":{"line":197,"column":3}},"120":{"start":{"line":191,"column":15},"end":{"line":191,"column":40}},"121":{"start":{"line":192,"column":4},"end":{"line":196,"column":5}},"122":{"start":{"line":193,"column":6},"end":{"line":193,"column":21}},"123":{"start":{"line":194,"column":19},"end":{"line":194,"column":44}},"124":{"start":{"line":195,"column":6},"end":{"line":195,"column":65}},"125":{"start":{"line":199,"column":2},"end":{"line":199,"column":17}},"126":{"start":{"line":202,"column":27},"end":{"line":207,"column":1}},"127":{"start":{"line":204,"column":2},"end":{"line":206,"column":5}},"128":{"start":{"line":205,"column":4},"end":{"line":205,"column":30}}},"fnMap":{"0":{"name":"(anonymous_0)","decl":{"start":{"line":5,"column":21},"end":{"line":5,"column":22}},"loc":{"start":{"line":5,"column":27},"end":{"line":11,"column":1}},"line":5},"1":{"name":"(anonymous_1)","decl":{"start":{"line":8,"column":13},"end":{"line":8,"column":14}},"loc":{"start":{"line":8,"column":19},"end":{"line":10,"column":3}},"line":8},"2":{"name":"(anonymous_2)","decl":{"start":{"line":13,"column":25},"end":{"line":13,"column":26}},"loc":{"start":{"line":13,"column":36},"end":{"line":30,"column":1}},"line":13},"3":{"name":"(anonymous_3)","decl":{"start":{"line":21,"column":13},"end":{"line":21,"column":14}},"loc":{"start":{"line":21,"column":19},"end":{"line":24,"column":3}},"line":21},"4":{"name":"(anonymous_4)","decl":{"start":{"line":27,"column":13},"end":{"line":27,"column":14}},"loc":{"start":{"line":27,"column":19},"end":{"line":29,"column":3}},"line":27},"5":{"name":"(anonymous_5)","decl":{"start":{"line":32,"column":20},"end":{"line":32,"column":21}},"loc":{"start":{"line":32,"column":26},"end":{"line":43,"column":1}},"line":32},"6":{"name":"(anonymous_6)","decl":{"start":{"line":36,"column":13},"end":{"line":36,"column":14}},"loc":{"start":{"line":36,"column":19},"end":{"line":42,"column":3}},"line":36},"7":{"name":"(anonymous_7)","decl":{"start":{"line":38,"column":40},"end":{"line":38,"column":41}},"loc":{"start":{"line":38,"column":46},"end":{"line":40,"column":5}},"line":38},"8":{"name":"(anonymous_8)","decl":{"start":{"line":45,"column":27},"end":{"line":45,"column":28}},"loc":{"start":{"line":46,"column":49},"end":{"line":65,"column":1}},"line":46},"9":{"name":"(anonymous_9)","decl":{"start":{"line":57,"column":13},"end":{"line":57,"column":14}},"loc":{"start":{"line":57,"column":19},"end":{"line":64,"column":3}},"line":57},"10":{"name":"(anonymous_10)","decl":{"start":{"line":67,"column":29},"end":{"line":67,"column":30}},"loc":{"start":{"line":67,"column":59},"end":{"line":77,"column":1}},"line":67},"11":{"name":"(anonymous_11)","decl":{"start":{"line":70,"column":13},"end":{"line":70,"column":14}},"loc":{"start":{"line":70,"column":19},"end":{"line":75,"column":3}},"line":70},"12":{"name":"(anonymous_12)","decl":{"start":{"line":72,"column":15},"end":{"line":72,"column":16}},"loc":{"start":{"line":72,"column":21},"end":{"line":74,"column":5}},"line":72},"13":{"name":"(anonymous_13)","decl":{"start":{"line":79,"column":27},"end":{"line":79,"column":28}},"loc":{"start":{"line":80,"column":43},"end":{"line":100,"column":1}},"line":80},"14":{"name":"(anonymous_14)","decl":{"start":{"line":85,"column":38},"end":{"line":85,"column":39}},"loc":{"start":{"line":85,"column":45},"end":{"line":90,"column":3}},"line":85},"15":{"name":"(anonymous_15)","decl":{"start":{"line":95,"column":13},"end":{"line":95,"column":14}},"loc":{"start":{"line":95,"column":19},"end":{"line":99,"column":3}},"line":95},"16":{"name":"(anonymous_16)","decl":{"start":{"line":102,"column":25},"end":{"line":102,"column":26}},"loc":{"start":{"line":102,"column":66},"end":{"line":109,"column":1}},"line":102},"17":{"name":"(anonymous_17)","decl":{"start":{"line":111,"column":23},"end":{"line":111,"column":24}},"loc":{"start":{"line":111,"column":43},"end":{"line":176,"column":1}},"line":111},"18":{"name":"(anonymous_18)","decl":{"start":{"line":159,"column":39},"end":{"line":159,"column":40}},"loc":{"start":{"line":159,"column":45},"end":{"line":161,"column":3}},"line":159},"19":{"name":"(anonymous_19)","decl":{"start":{"line":163,"column":41},"end":{"line":163,"column":42}},"loc":{"start":{"line":163,"column":47},"end":{"line":165,"column":3}},"line":163},"20":{"name":"(anonymous_20)","decl":{"start":{"line":167,"column":39},"end":{"line":167,"column":40}},"loc":{"start":{"line":167,"column":45},"end":{"line":169,"column":3}},"line":167},"21":{"name":"(anonymous_21)","decl":{"start":{"line":171,"column":37},"end":{"line":171,"column":38}},"loc":{"start":{"line":171,"column":43},"end":{"line":173,"column":3}},"line":171},"22":{"name":"(anonymous_22)","decl":{"start":{"line":178,"column":25},"end":{"line":178,"column":26}},"loc":{"start":{"line":178,"column":45},"end":{"line":185,"column":1}},"line":178},"23":{"name":"(anonymous_23)","decl":{"start":{"line":187,"column":34},"end":{"line":187,"column":35}},"loc":{"start":{"line":187,"column":48},"end":{"line":200,"column":1}},"line":187},"24":{"name":"(anonymous_24)","decl":{"start":{"line":202,"column":27},"end":{"line":202,"column":28}},"loc":{"start":{"line":202,"column":41},"end":{"line":207,"column":1}},"line":202},"25":{"name":"(anonymous_25)","decl":{"start":{"line":204,"column":25},"end":{"line":204,"column":26}},"loc":{"start":{"line":204,"column":35},"end":{"line":206,"column":3}},"line":204}},"branchMap":{"0":{"loc":{"start":{"line":14,"column":2},"end":{"line":16,"column":3}},"type":"if","locations":[{"start":{"line":14,"column":2},"end":{"line":16,"column":3}},{"start":{},"end":{}}],"line":14},"1":{"loc":{"start":{"line":47,"column":2},"end":{"line":50,"column":3}},"type":"if","locations":[{"start":{"line":47,"column":2},"end":{"line":50,"column":3}},{"start":{},"end":{}}],"line":47},"2":{"loc":{"start":{"line":81,"column":2},"end":{"line":83,"column":3}},"type":"if","locations":[{"start":{"line":81,"column":2},"end":{"line":83,"column":3}},{"start":{},"end":{}}],"line":81},"3":{"loc":{"start":{"line":86,"column":4},"end":{"line":89,"column":5}},"type":"if","locations":[{"start":{"line":86,"column":4},"end":{"line":89,"column":5}},{"start":{},"end":{}}],"line":86},"4":{"loc":{"start":{"line":86,"column":8},"end":{"line":86,"column":45}},"type":"binary-expr","locations":[{"start":{"line":86,"column":8},"end":{"line":86,"column":25}},{"start":{"line":86,"column":29},"end":{"line":86,"column":45}}],"line":86},"5":{"loc":{"start":{"line":104,"column":2},"end":{"line":108,"column":3}},"type":"if","locations":[{"start":{"line":104,"column":2},"end":{"line":108,"column":3}},{"start":{"line":106,"column":9},"end":{"line":108,"column":3}}],"line":104},"6":{"loc":{"start":{"line":131,"column":2},"end":{"line":133,"column":3}},"type":"if","locations":[{"start":{"line":131,"column":2},"end":{"line":133,"column":3}},{"start":{},"end":{}}],"line":131},"7":{"loc":{"start":{"line":192,"column":4},"end":{"line":196,"column":5}},"type":"if","locations":[{"start":{"line":192,"column":4},"end":{"line":196,"column":5}},{"start":{},"end":{}}],"line":192}},"s":{"0":1,"1":1,"2":1,"3":1,"4":0,"5":0,"6":0,"7":0,"8":1,"9":0,"10":0,"11":0,"12":0,"13":0,"14":0,"15":0,"16":0,"17":0,"18":0,"19":0,"20":1,"21":0,"22":0,"23":0,"24":0,"25":0,"26":0,"27":0,"28":0,"29":1,"30":0,"31":0,"32":0,"33":0,"34":0,"35":0,"36":0,"37":0,"38":0,"39":0,"40":0,"41":0,"42":0,"43":0,"44":1,"45":1,"46":1,"47":1,"48":0,"49":0,"50":0,"51":1,"52":1,"53":0,"54":0,"55":0,"56":0,"57":0,"58":0,"59":0,"60":0,"61":0,"62":0,"63":0,"64":0,"65":1,"66":0,"67":0,"68":0,"69":0,"70":1,"71":2,"72":2,"73":2,"74":2,"75":2,"76":2,"77":2,"78":2,"79":2,"80":2,"81":2,"82":2,"83":2,"84":2,"85":2,"86":0,"87":2,"88":2,"89":2,"90":2,"91":2,"92":2,"93":2,"94":2,"95":2,"96":2,"97":2,"98":2,"99":2,"100":2,"101":2,"102":0,"103":2,"104":0,"105":2,"106":0,"107":2,"108":0,"109":2,"110":1,"111":2,"112":2,"113":2,"114":2,"115":2,"116":1,"117":1,"118":1,"119":1,"120":1,"121":1,"122":1,"123":1,"124":1,"125":1,"126":1,"127":0,"128":0},"f":{"0":0,"1":0,"2":0,"3":0,"4":0,"5":0,"6":0,"7":0,"8":0,"9":0,"10":1,"11":0,"12":0,"13":0,"14":0,"15":0,"16":0,"17":2,"18":0,"19":0,"20":0,"21":0,"22":2,"23":1,"24":0,"25":0},"b":{"0":[0,0],"1":[0,0],"2":[0,0],"3":[0,0],"4":[0,0],"5":[0,0],"6":[0,2],"7":[1,0]},"_coverageSchema":"1a1c01bbd47fc00a2c39e90264f33305004495a9","hash":"2c2a96433c6c9b19b41d125612f8023c9818b4ca"}
,"C:\\Users\\ITI GUREZ\\Desktop\\Microvereprojects\\module2\\to-do-list\\src\\modules\\local_storage.js": {"path":"C:\\Users\\ITI GUREZ\\Desktop\\Microvereprojects\\module2\\to-do-list\\src\\modules\\local_storage.js","statementMap":{"0":{"start":{"line":4,"column":2},"end":{"line":17,"column":3}},"1":{"start":{"line":5,"column":4},"end":{"line":5,"column":27}},"2":{"start":{"line":6,"column":14},"end":{"line":6,"column":32}},"3":{"start":{"line":7,"column":4},"end":{"line":7,"column":26}},"4":{"start":{"line":8,"column":4},"end":{"line":8,"column":26}},"5":{"start":{"line":9,"column":4},"end":{"line":9,"column":16}},"6":{"start":{"line":11,"column":4},"end":{"line":16,"column":43}}},"fnMap":{"0":{"name":"storageAvailable","decl":{"start":{"line":1,"column":24},"end":{"line":1,"column":40}},"loc":{"start":{"line":1,"column":47},"end":{"line":18,"column":1}},"line":1}},"branchMap":{"0":{"loc":{"start":{"line":11,"column":11},"end":{"line":16,"column":42}},"type":"binary-expr","locations":[{"start":{"line":11,"column":11},"end":{"line":11,"column":36}},{"start":{"line":12,"column":6},"end":{"line":12,"column":19}},{"start":{"line":13,"column":11},"end":{"line":13,"column":26}},{"start":{"line":14,"column":11},"end":{"line":14,"column":42}},{"start":{"line":15,"column":11},"end":{"line":15,"column":50}},{"start":{"line":16,"column":10},"end":{"line":16,"column":17}},{"start":{"line":16,"column":21},"end":{"line":16,"column":41}}],"line":11}},"s":{"0":7,"1":7,"2":7,"3":7,"4":7,"5":7,"6":0},"f":{"0":7},"b":{"0":[0,0,0,0,0,0,0]},"_coverageSchema":"1a1c01bbd47fc00a2c39e90264f33305004495a9","hash":"fbdba94b159b99a78fb55e1263fb67ab5826d4ae"}
,"C:\\Users\\ITI GUREZ\\Desktop\\Microvereprojects\\module2\\to-do-list\\src\\modules\\to-do-list.js": {"path":"C:\\Users\\ITI GUREZ\\Desktop\\Microvereprojects\\module2\\to-do-list\\src\\modules\\to-do-list.js","statementMap":{"0":{"start":{"line":8,"column":4},"end":{"line":8,"column":20}},"1":{"start":{"line":9,"column":4},"end":{"line":14,"column":5}},"2":{"start":{"line":10,"column":26},"end":{"line":10,"column":55}},"3":{"start":{"line":11,"column":6},"end":{"line":13,"column":7}},"4":{"start":{"line":12,"column":8},"end":{"line":12,"column":45}},"5":{"start":{"line":17,"column":15},"end":{"line":28,"column":3}},"6":{"start":{"line":18,"column":4},"end":{"line":26,"column":5}},"7":{"start":{"line":18,"column":17},"end":{"line":18,"column":18}},"8":{"start":{"line":19,"column":6},"end":{"line":22,"column":7}},"9":{"start":{"line":21,"column":8},"end":{"line":21,"column":17}},"10":{"start":{"line":23,"column":6},"end":{"line":25,"column":7}},"11":{"start":{"line":24,"column":8},"end":{"line":24,"column":20}},"12":{"start":{"line":27,"column":4},"end":{"line":27,"column":17}},"13":{"start":{"line":30,"column":16},"end":{"line":34,"column":3}},"14":{"start":{"line":31,"column":4},"end":{"line":33,"column":5}},"15":{"start":{"line":31,"column":17},"end":{"line":31,"column":22}},"16":{"start":{"line":32,"column":6},"end":{"line":32,"column":33}},"17":{"start":{"line":36,"column":15},"end":{"line":51,"column":3}},"18":{"start":{"line":37,"column":17},"end":{"line":41,"column":5}},"19":{"start":{"line":43,"column":4},"end":{"line":46,"column":5}},"20":{"start":{"line":44,"column":6},"end":{"line":44,"column":44}},"21":{"start":{"line":45,"column":6},"end":{"line":45,"column":13}},"22":{"start":{"line":48,"column":4},"end":{"line":48,"column":26}},"23":{"start":{"line":49,"column":4},"end":{"line":49,"column":26}},"24":{"start":{"line":50,"column":4},"end":{"line":50,"column":30}},"25":{"start":{"line":53,"column":15},"end":{"line":57,"column":3}},"26":{"start":{"line":54,"column":4},"end":{"line":54,"column":41}},"27":{"start":{"line":55,"column":4},"end":{"line":55,"column":37}},"28":{"start":{"line":56,"column":4},"end":{"line":56,"column":30}},"29":{"start":{"line":59,"column":23},"end":{"line":63,"column":3}},"30":{"start":{"line":60,"column":4},"end":{"line":62,"column":5}},"31":{"start":{"line":61,"column":6},"end":{"line":61,"column":64}},"32":{"start":{"line":65,"column":23},"end":{"line":68,"column":3}},"33":{"start":{"line":66,"column":4},"end":{"line":66,"column":51}},"34":{"start":{"line":67,"column":4},"end":{"line":67,"column":30}},"35":{"start":{"line":70,"column":18},"end":{"line":73,"column":3}},"36":{"start":{"line":71,"column":4},"end":{"line":71,"column":47}},"37":{"start":{"line":72,"column":4},"end":{"line":72,"column":30}}},"fnMap":{"0":{"name":"(anonymous_0)","decl":{"start":{"line":7,"column":2},"end":{"line":7,"column":3}},"loc":{"start":{"line":7,"column":16},"end":{"line":15,"column":3}},"line":7},"1":{"name":"(anonymous_1)","decl":{"start":{"line":17,"column":15},"end":{"line":17,"column":16}},"loc":{"start":{"line":17,"column":43},"end":{"line":28,"column":3}},"line":17},"2":{"name":"(anonymous_2)","decl":{"start":{"line":30,"column":16},"end":{"line":30,"column":17}},"loc":{"start":{"line":30,"column":27},"end":{"line":34,"column":3}},"line":30},"3":{"name":"(anonymous_3)","decl":{"start":{"line":36,"column":15},"end":{"line":36,"column":16}},"loc":{"start":{"line":36,"column":28},"end":{"line":51,"column":3}},"line":36},"4":{"name":"(anonymous_4)","decl":{"start":{"line":53,"column":15},"end":{"line":53,"column":16}},"loc":{"start":{"line":53,"column":29},"end":{"line":57,"column":3}},"line":53},"5":{"name":"(anonymous_5)","decl":{"start":{"line":59,"column":23},"end":{"line":59,"column":24}},"loc":{"start":{"line":59,"column":29},"end":{"line":63,"column":3}},"line":59},"6":{"name":"(anonymous_6)","decl":{"start":{"line":65,"column":23},"end":{"line":65,"column":24}},"loc":{"start":{"line":65,"column":47},"end":{"line":68,"column":3}},"line":65},"7":{"name":"(anonymous_7)","decl":{"start":{"line":70,"column":18},"end":{"line":70,"column":19}},"loc":{"start":{"line":70,"column":40},"end":{"line":73,"column":3}},"line":70}},"branchMap":{"0":{"loc":{"start":{"line":9,"column":4},"end":{"line":14,"column":5}},"type":"if","locations":[{"start":{"line":9,"column":4},"end":{"line":14,"column":5}},{"start":{},"end":{}}],"line":9},"1":{"loc":{"start":{"line":11,"column":6},"end":{"line":13,"column":7}},"type":"if","locations":[{"start":{"line":11,"column":6},"end":{"line":13,"column":7}},{"start":{},"end":{}}],"line":11},"2":{"loc":{"start":{"line":19,"column":6},"end":{"line":22,"column":7}},"type":"if","locations":[{"start":{"line":19,"column":6},"end":{"line":22,"column":7}},{"start":{},"end":{}}],"line":19},"3":{"loc":{"start":{"line":23,"column":6},"end":{"line":25,"column":7}},"type":"if","locations":[{"start":{"line":23,"column":6},"end":{"line":25,"column":7}},{"start":{},"end":{}}],"line":23},"4":{"loc":{"start":{"line":43,"column":4},"end":{"line":46,"column":5}},"type":"if","locations":[{"start":{"line":43,"column":4},"end":{"line":46,"column":5}},{"start":{},"end":{}}],"line":43},"5":{"loc":{"start":{"line":60,"column":4},"end":{"line":62,"column":5}},"type":"if","locations":[{"start":{"line":60,"column":4},"end":{"line":62,"column":5}},{"start":{},"end":{}}],"line":60}},"s":{"0":1,"1":1,"2":1,"3":1,"4":0,"5":1,"6":4,"7":4,"8":2,"9":0,"10":2,"11":1,"12":3,"13":1,"14":2,"15":2,"16":0,"17":1,"18":2,"19":2,"20":0,"21":0,"22":2,"23":2,"24":2,"25":1,"26":2,"27":2,"28":2,"29":1,"30":6,"31":6,"32":1,"33":1,"34":1,"35":1,"36":1,"37":1},"f":{"0":1,"1":4,"2":2,"3":2,"4":2,"5":6,"6":1,"7":1},"b":{"0":[1,0],"1":[0,1],"2":[0,2],"3":[1,1],"4":[0,2],"5":[6,0]},"_coverageSchema":"1a1c01bbd47fc00a2c39e90264f33305004495a9","hash":"458c2c238e4d4f9d5df5fd5a75e846095826488c"}
}
