TN:
SF:src\modules\html_functions.js
FN:5,(anonymous_0)
FN:8,(anonymous_1)
FN:13,(anonymous_2)
FN:21,(anonymous_3)
FN:27,(anonymous_4)
FN:32,(anonymous_5)
FN:36,(anonymous_6)
FN:38,(anonymous_7)
FN:45,(anonymous_8)
FN:57,(anonymous_9)
FN:67,(anonymous_10)
FN:70,(anonymous_11)
FN:72,(anonymous_12)
FN:79,(anonymous_13)
FN:85,(anonymous_14)
FN:95,(anonymous_15)
FN:102,(anonymous_16)
FN:111,(anonymous_17)
FN:159,(anonymous_18)
FN:163,(anonymous_19)
FN:167,(anonymous_20)
FN:171,(anonymous_21)
FN:178,(anonymous_22)
FN:187,(anonymous_23)
FN:202,(anonymous_24)
FN:204,(anonymous_25)
FNF:26
FNH:4
FNDA:0,(anonymous_0)
FNDA:0,(anonymous_1)
FNDA:0,(anonymous_2)
FNDA:0,(anonymous_3)
FNDA:0,(anonymous_4)
FNDA:0,(anonymous_5)
FNDA:0,(anonymous_6)
FNDA:0,(anonymous_7)
FNDA:0,(anonymous_8)
FNDA:0,(anonymous_9)
FNDA:1,(anonymous_10)
FNDA:0,(anonymous_11)
FNDA:0,(anonymous_12)
FNDA:0,(anonymous_13)
FNDA:0,(anonymous_14)
FNDA:0,(anonymous_15)
FNDA:0,(anonymous_16)
FNDA:2,(anonymous_17)
FNDA:0,(anonymous_18)
FNDA:0,(anonymous_19)
FNDA:0,(anonymous_20)
FNDA:0,(anonymous_21)
FNDA:2,(anonymous_22)
FNDA:1,(anonymous_23)
FNDA:0,(anonymous_24)
FNDA:0,(anonymous_25)
DA:1,1
DA:2,1
DA:3,1
DA:5,1
DA:6,0
DA:7,0
DA:8,0
DA:9,0
DA:13,1
DA:14,0
DA:15,0
DA:18,0
DA:19,0
DA:20,0
DA:21,0
DA:22,0
DA:23,0
DA:26,0
DA:27,0
DA:28,0
DA:32,1
DA:33,0
DA:34,0
DA:35,0
DA:36,0
DA:37,0
DA:38,0
DA:39,0
DA:41,0
DA:45,1
DA:47,0
DA:48,0
DA:49,0
DA:52,0
DA:53,0
DA:55,0
DA:56,0
DA:57,0
DA:58,0
DA:59,0
DA:60,0
DA:61,0
DA:62,0
DA:63,0
DA:67,1
DA:68,1
DA:69,1
DA:70,1
DA:71,0
DA:72,0
DA:73,0
DA:76,1
DA:79,1
DA:81,0
DA:82,0
DA:85,0
DA:86,0
DA:87,0
DA:92,0
DA:93,0
DA:94,0
DA:95,0
DA:96,0
DA:97,0
DA:98,0
DA:102,1
DA:103,0
DA:104,0
DA:105,0
DA:107,0
DA:111,1
DA:113,2
DA:114,2
DA:115,2
DA:117,2
DA:118,2
DA:120,2
DA:121,2
DA:122,2
DA:124,2
DA:125,2
DA:127,2
DA:128,2
DA:129,2
DA:130,2
DA:131,2
DA:132,0
DA:135,2
DA:136,2
DA:137,2
DA:139,2
DA:140,2
DA:141,2
DA:145,2
DA:146,2
DA:147,2
DA:152,2
DA:153,2
DA:154,2
DA:155,2
DA:156,2
DA:159,2
DA:160,0
DA:163,2
DA:164,0
DA:167,2
DA:168,0
DA:171,2
DA:172,0
DA:175,2
DA:178,1
DA:180,2
DA:181,2
DA:182,2
DA:183,2
DA:184,2
DA:187,1
DA:188,1
DA:189,1
DA:191,1
DA:192,1
DA:193,1
DA:194,1
DA:195,1
DA:199,1
DA:202,1
DA:204,0
DA:205,0
LF:128
LH:65
BRDA:14,0,0,0
BRDA:14,0,1,0
BRDA:47,1,0,0
BRDA:47,1,1,0
BRDA:81,2,0,0
BRDA:81,2,1,0
BRDA:86,3,0,0
BRDA:86,3,1,0
BRDA:86,4,0,0
BRDA:86,4,1,0
BRDA:104,5,0,0
BRDA:104,5,1,0
BRDA:131,6,0,0
BRDA:131,6,1,2
BRDA:192,7,0,1
BRDA:192,7,1,0
BRF:16
BRH:2
end_of_record
TN:
SF:src\modules\local_storage.js
FN:1,storageAvailable
FNF:1
FNH:1
FNDA:7,storageAvailable
DA:4,7
DA:5,7
DA:6,7
DA:7,7
DA:8,7
DA:9,7
DA:11,0
LF:7
LH:6
BRDA:11,0,0,0
BRDA:11,0,1,0
BRDA:11,0,2,0
BRDA:11,0,3,0
BRDA:11,0,4,0
BRDA:11,0,5,0
BRDA:11,0,6,0
BRF:7
BRH:0
end_of_record
TN:
SF:src\modules\to-do-list.js
FN:7,(anonymous_0)
FN:17,(anonymous_1)
FN:30,(anonymous_2)
FN:36,(anonymous_3)
FN:53,(anonymous_4)
FN:59,(anonymous_5)
FN:65,(anonymous_6)
FN:70,(anonymous_7)
FNF:8
FNH:8
FNDA:1,(anonymous_0)
FNDA:4,(anonymous_1)
FNDA:2,(anonymous_2)
FNDA:2,(anonymous_3)
FNDA:2,(anonymous_4)
FNDA:6,(anonymous_5)
FNDA:1,(anonymous_6)
FNDA:1,(anonymous_7)
DA:8,1
DA:9,1
DA:10,1
DA:11,1
DA:12,0
DA:17,1
DA:18,4
DA:19,2
DA:21,0
DA:23,2
DA:24,1
DA:27,3
DA:30,1
DA:31,2
DA:32,0
DA:36,1
DA:37,2
DA:43,2
DA:44,0
DA:45,0
DA:48,2
DA:49,2
DA:50,2
DA:53,1
DA:54,2
DA:55,2
DA:56,2
DA:59,1
DA:60,6
DA:61,6
DA:65,1
DA:66,1
DA:67,1
DA:70,1
DA:71,1
DA:72,1
LF:36
LH:31
BRDA:9,0,0,1
BRDA:9,0,1,0
BRDA:11,1,0,0
BRDA:11,1,1,1
BRDA:19,2,0,0
BRDA:19,2,1,2
BRDA:23,3,0,1
BRDA:23,3,1,1
BRDA:43,4,0,0
BRDA:43,4,1,2
BRDA:60,5,0,6
BRDA:60,5,1,0
BRF:12
BRH:7
end_of_record
